-------------------------------------------------------------------------------
Test set: com.example.demo.ApplicationTests
-------------------------------------------------------------------------------
Tests run: 1, Failures: 0, Errors: 1, Skipped: 0, Time elapsed: 0.584 s <<< FAILURE! - in com.example.demo.ApplicationTests
initializationError(com.example.demo.ApplicationTests)  Time elapsed: 0.016 s  <<< ERROR!
java.lang.IllegalStateException: Unable to find a @SpringBootConfiguration, you need to use @ContextConfiguration or @SpringBootTest(classes=...) with your test

